\BOOKMARK [0][]{chapter.1}{第1章 本稿に関して}{}% 1
\BOOKMARK [1][]{section.1.1}{1.1 本稿の目的}{chapter.1}% 2
\BOOKMARK [1][]{section.1.2}{1.2 ルール}{chapter.1}% 3
\BOOKMARK [1][]{section.1.3}{1.3 TeX}{chapter.1}% 4
\BOOKMARK [1][]{section.1.4}{1.4 事前準備}{chapter.1}% 5
\BOOKMARK [0][]{chapter.2}{第2章 線型方程式}{}% 6
\BOOKMARK [1][]{section.2.1}{2.1 線形方程式の解法の種類}{chapter.2}% 7
\BOOKMARK [1][]{section.2.2}{2.2 直接法}{chapter.2}% 8
\BOOKMARK [1][]{section.2.3}{2.3 反復法}{chapter.2}% 9
\BOOKMARK [0][]{chapter.3}{第3章 常微分方程式の数値計算}{}% 10
\BOOKMARK [1][]{section.3.1}{3.1 問題設定}{chapter.3}% 11
\BOOKMARK [0][]{chapter.4}{第4章 偏微分方程式の差分法}{}% 12
\BOOKMARK [1][]{section.4.1}{4.1 Poisson方程式}{chapter.4}% 13
\BOOKMARK [1][]{section.4.2}{4.2 熱方程式}{chapter.4}% 14
\BOOKMARK [1][]{section.4.3}{4.3 波動方程式}{chapter.4}% 15
\BOOKMARK [1][]{section.4.4}{4.4 移流方程式}{chapter.4}% 16
\BOOKMARK [1][]{section.4.5}{4.5 アニメーション}{chapter.4}% 17
\BOOKMARK [0][]{chapter*.11}{参考文献}{}% 18
\BOOKMARK [0][]{chapter.5}{第5章 偏微分方程式の有限要素法}{}% 19
\BOOKMARK [0][]{chapter.6}{第6章 その他の偏微分方程式}{}% 20
\BOOKMARK [1][]{section.6.1}{6.1 Hamilton-Jacobi方程式}{chapter.6}% 21
\BOOKMARK [1][]{section.6.2}{6.2 自由境界問題}{chapter.6}% 22
\BOOKMARK [1][]{section.6.3}{6.3 Navier-Stokes方程式}{chapter.6}% 23
\BOOKMARK [0][]{chapter.7}{第7章 モンテカルロシミュレーション}{}% 24
\BOOKMARK [0][]{chapter.8}{第8章 セルオートマトン}{}% 25
